<?xml version="1.0" encoding="UTF-8"?>
<testsuite xmlns:xsi="http://www.w3.org/2001/XMLSchema-instance" xsi:noNamespaceSchemaLocation="https://maven.apache.org/surefire/maven-surefire-plugin/xsd/surefire-test-report-3.0.xsd" version="3.0" name="saps.common.utils.CheckRequirementTest" time="0.026" tests="35" errors="0" skipped="0" failures="0">
  <properties>
[...]
</properties>
  <testcase name="failureTest3CheckCPURequirement" classname="saps.common.utils.CheckRequirementTest" time="0.02"/>
  <testcase name="test4CheckMemoryRequirement" classname="saps.common.utils.CheckRequirementTest" time="0"/>
  <testcase name="failureTest2CheckCPURequirement" classname="saps.common.utils.CheckRequirementTest" time="0"/>
  <testcase name="failureTest22CheckMemoryRequirement" classname="saps.common.utils.CheckRequirementTest" time="0"/>
  <testcase name="failureTest12CheckMemoryRequirement" classname="saps.common.utils.CheckRequirementTest" time="0"/>
  <testcase name="test1CheckMemoryRequirement" classname="saps.common.utils.CheckRequirementTest" time="0"/>
  <testcase name="failureTest19CheckMemoryRequirement" classname="saps.common.utils.CheckRequirementTest" time="0"/>
  <testcase name="failureTest7CheckMemoryRequirement" classname="saps.common.utils.CheckRequirementTest" time="0"/>
  <testcase name="failureTest1CheckCPURequirement" classname="saps.common.utils.CheckRequirementTest" time="0.001"/>
  <testcase name="failureTest16CheckMemoryRequirement" classname="saps.common.utils.CheckRequirementTest" time="0"/>
  <testcase name="failureTest4CheckMemoryRequirement" classname="saps.common.utils.CheckRequirementTest" time="0"/>
  <testcase name="test5CheckMemoryRequirement" classname="saps.common.utils.CheckRequirementTest" time="0"/>
  <testcase name="test2CheckCPURequirement" classname="saps.common.utils.CheckRequirementTest" time="0"/>
  <testcase name="failureTest23CheckMemoryRequirement" classname="saps.common.utils.CheckRequirementTest" time="0.001"/>
  <testcase name="test1CheckCPURequirement" classname="saps.common.utils.CheckRequirementTest" time="0"/>
  <testcase name="failureTest13CheckMemoryRequirement" classname="saps.common.utils.CheckRequirementTest" time="0"/>
  <testcase name="failureTest1CheckMemoryRequirement" classname="saps.common.utils.CheckRequirementTest" time="0"/>
  <testcase name="test2CheckMemoryRequirement" classname="saps.common.utils.CheckRequirementTest" time="0"/>
  <testcase name="failureTest8CheckMemoryRequirement" classname="saps.common.utils.CheckRequirementTest" time="0"/>
  <testcase name="failureTest20CheckMemoryRequirement" classname="saps.common.utils.CheckRequirementTest" time="0"/>
  <testcase name="failureTest10CheckMemoryRequirement" classname="saps.common.utils.CheckRequirementTest" time="0"/>
  <testcase name="failureTest17CheckMemoryRequirement" classname="saps.common.utils.CheckRequirementTest" time="0.001"/>
  <testcase name="failureTest5CheckMemoryRequirement" classname="saps.common.utils.CheckRequirementTest" time="0"/>
  <testcase name="test6CheckMemoryRequirement" classname="saps.common.utils.CheckRequirementTest" time="0"/>
  <testcase name="failureTest24CheckMemoryRequirement" classname="saps.common.utils.CheckRequirementTest" time="0"/>
  <testcase name="failureTest14CheckMemoryRequirement" classname="saps.common.utils.CheckRequirementTest" time="0"/>
  <testcase name="failureTest2CheckMemoryRequirement" classname="saps.common.utils.CheckRequirementTest" time="0"/>
  <testcase name="test3CheckMemoryRequirement" classname="saps.common.utils.CheckRequirementTest" time="0"/>
  <testcase name="failureTest9CheckMemoryRequirement" classname="saps.common.utils.CheckRequirementTest" time="0"/>
  <testcase name="failureTest21CheckMemoryRequirement" classname="saps.common.utils.CheckRequirementTest" time="0"/>
  <testcase name="failureTest11CheckMemoryRequirement" classname="saps.common.utils.CheckRequirementTest" time="0"/>
  <testcase name="failureTest18CheckMemoryRequirement" classname="saps.common.utils.CheckRequirementTest" time="0"/>
  <testcase name="failureTest6CheckMemoryRequirement" classname="saps.common.utils.CheckRequirementTest" time="0"/>
  <testcase name="failureTest15CheckMemoryRequirement" classname="saps.common.utils.CheckRequirementTest" time="0"/>
  <testcase name="failureTest3CheckMemoryRequirement" classname="saps.common.utils.CheckRequirementTest" time="0"/>
</testsuite>